2019-09-05 09:09:00,046 INFO  [org.jboss.modules] (main) JBoss Modules version 1.5.2.Final
2019-09-05 09:09:06,368 INFO  [org.jboss.msc] (main) JBoss MSC version 1.2.6.Final
2019-09-05 09:09:06,469 INFO  [org.jboss.as] (MSC service thread 1-6) WFLYSRV0049: WildFly Full 10.1.0.Final (WildFly Core 2.2.0.Final) starting
2019-09-05 09:09:06,474 DEBUG [org.jboss.as.config] (MSC service thread 1-6) Configured system properties:
	awt.toolkit = sun.awt.windows.WToolkit
	file.encoding = Cp1252
	file.encoding.pkg = sun.io
	file.separator = \
	java.awt.graphicsenv = sun.awt.Win32GraphicsEnvironment
	java.awt.headless = true
	java.awt.printerjob = sun.awt.windows.WPrinterJob
	java.class.path = C:\Desarrollo\wildfly-10.1.0.CR1\jboss-modules.jar
	java.class.version = 52.0
	java.endorsed.dirs = C:\Program Files\Java\jre1.8.0_221\lib\endorsed
	java.ext.dirs = C:\Program Files\Java\jre1.8.0_221\lib\ext;C:\WINDOWS\Sun\Java\lib\ext
	java.home = C:\Program Files\Java\jre1.8.0_221
	java.io.tmpdir = C:\Users\vytal\AppData\Local\Temp\
	java.library.path = C:\Program Files\Java\jre1.8.0_221\bin;C:\WINDOWS\Sun\Java\bin;C:\WINDOWS\system32;C:\WINDOWS;native;C:/Program Files/Java/jre1.8.0_221/bin/server;C:/Program Files/Java/jre1.8.0_221/bin;C:/Program Files/Java/jre1.8.0_221/lib/amd64;C:\Program Files (x86)\Common Files\Oracle\Java\javapath;C:\WINDOWS\system32;C:\WINDOWS;C:\WINDOWS\System32\Wbem;C:\WINDOWS\System32\WindowsPowerShell\v1.0\;C:\WINDOWS\System32\OpenSSH\;C:\Program Files\Java\jdk1.8.0_201\bin;C:\Program Files\Git\cmd;C:\xampp\php;C:\ProgramData\ComposerSetup\bin;C:\Users\vytal\AppData\Local\Microsoft\WindowsApps;;C:\Users\vytal\AppData\Local\Programs\Microsoft VS Code\bin;C:\Users\vytal\AppData\Roaming\Composer\vendor\bin;C:\Users\vytal\Desktop;;.
	java.net.preferIPv4Stack = true
	java.runtime.name = Java(TM) SE Runtime Environment
	java.runtime.version = 1.8.0_221-b11
	java.specification.name = Java Platform API Specification
	java.specification.vendor = Oracle Corporation
	java.specification.version = 1.8
	java.util.logging.manager = org.jboss.logmanager.LogManager
	java.vendor = Oracle Corporation
	java.vendor.url = http://java.oracle.com/
	java.vendor.url.bug = http://bugreport.sun.com/bugreport/
	java.version = 1.8.0_221
	java.vm.info = mixed mode
	java.vm.name = Java HotSpot(TM) 64-Bit Server VM
	java.vm.specification.name = Java Virtual Machine Specification
	java.vm.specification.vendor = Oracle Corporation
	java.vm.specification.version = 1.8
	java.vm.vendor = Oracle Corporation
	java.vm.version = 25.221-b11
	javax.management.builder.initial = org.jboss.as.jmx.PluggableMBeanServerBuilder
	javax.xml.datatype.DatatypeFactory = __redirected.__DatatypeFactory
	javax.xml.parsers.DocumentBuilderFactory = __redirected.__DocumentBuilderFactory
	javax.xml.parsers.SAXParserFactory = __redirected.__SAXParserFactory
	javax.xml.stream.XMLEventFactory = __redirected.__XMLEventFactory
	javax.xml.stream.XMLInputFactory = __redirected.__XMLInputFactory
	javax.xml.stream.XMLOutputFactory = __redirected.__XMLOutputFactory
	javax.xml.transform.TransformerFactory = __redirected.__TransformerFactory
	javax.xml.validation.SchemaFactory:http://www.w3.org/2001/XMLSchema = __redirected.__SchemaFactory
	javax.xml.xpath.XPathFactory:http://java.sun.com/jaxp/xpath/dom = __redirected.__XPathFactory
	jboss.bind.address = localhost
	jboss.bind.address.management = localhost
	jboss.home.dir = C:\Desarrollo\wildfly-10.1.0.CR1
	jboss.host.name = desktop-kmoc2a1
	jboss.modules.dir = C:\Desarrollo\wildfly-10.1.0.CR1\modules
	jboss.modules.system.pkgs = org.jboss.byteman
	jboss.node.name = desktop-kmoc2a1
	jboss.qualified.host.name = desktop-kmoc2a1
	jboss.server.base.dir = C:\Desarrollo\wildfly-10.1.0.CR1\standalone
	jboss.server.config.dir = C:\Desarrollo\wildfly-10.1.0.CR1\standalone\configuration
	jboss.server.data.dir = C:\Desarrollo\wildfly-10.1.0.CR1\standalone\data
	jboss.server.deploy.dir = C:\Desarrollo\wildfly-10.1.0.CR1\standalone\data\content
	jboss.server.log.dir = C:\Desarrollo\wildfly-10.1.0.CR1\standalone\log
	jboss.server.name = desktop-kmoc2a1
	jboss.server.persist.config = true
	jboss.server.temp.dir = C:\Desarrollo\wildfly-10.1.0.CR1\standalone\tmp
	line.separator = 

	logging.configuration = file:C:\Desarrollo\wildfly-10.1.0.CR1\standalone\configuration\logging.properties
	module.path = C:\Desarrollo\wildfly-10.1.0.CR1\modules
	org.jboss.boot.log.file = C:\Desarrollo\wildfly-10.1.0.CR1\standalone\log\boot.log
	org.jboss.logmanager.nocolor = true
	org.jboss.resolver.warning = true
	org.xml.sax.driver = __redirected.__XMLReaderFactory
	os.arch = amd64
	os.name = Windows 10
	os.version = 10.0
	path.separator = ;
	program.name = JBossTools: WildFly 10.x at localhost
	sun.arch.data.model = 64
	sun.boot.class.path = C:\Program Files\Java\jre1.8.0_221\lib\resources.jar;C:\Program Files\Java\jre1.8.0_221\lib\rt.jar;C:\Program Files\Java\jre1.8.0_221\lib\sunrsasign.jar;C:\Program Files\Java\jre1.8.0_221\lib\jsse.jar;C:\Program Files\Java\jre1.8.0_221\lib\jce.jar;C:\Program Files\Java\jre1.8.0_221\lib\charsets.jar;C:\Program Files\Java\jre1.8.0_221\lib\jfr.jar;C:\Program Files\Java\jre1.8.0_221\classes
	sun.boot.library.path = C:\Program Files\Java\jre1.8.0_221\bin
	sun.cpu.endian = little
	sun.cpu.isalist = amd64
	sun.desktop = windows
	sun.io.unicode.encoding = UnicodeLittle
	sun.java.command = org.jboss.modules.Main -mp C:\Desarrollo\wildfly-10.1.0.CR1\modules org.jboss.as.standalone -b localhost --server-config=standalone.xml -Djboss.server.base.dir=C:\Desarrollo\wildfly-10.1.0.CR1\standalone
	sun.java.launcher = SUN_STANDARD
	sun.jnu.encoding = Cp1252
	sun.management.compiler = HotSpot 64-Bit Tiered Compilers
	sun.os.patch.level = 
	sun.rmi.dgc.client.gcInterval = 3600000
	sun.rmi.dgc.server.gcInterval = 3600000
	user.country = EC
	user.dir = C:\Desarrollo\wildfly-10.1.0.CR1\bin
	user.home = C:\Users\vytal
	user.language = es
	user.name = Operador 01
	user.script = 
	user.timezone = America/Bogota
	user.variant = 
2019-09-05 09:09:06,475 DEBUG [org.jboss.as.config] (MSC service thread 1-6) VM Arguments: -Dprogram.name=JBossTools: WildFly 10.x at localhost -Xms64m -Xmx512m -Dorg.jboss.resolver.warning=true -Djava.net.preferIPv4Stack=true -Dsun.rmi.dgc.client.gcInterval=3600000 -Dsun.rmi.dgc.server.gcInterval=3600000 -Djboss.modules.system.pkgs=org.jboss.byteman -Djava.awt.headless=true -Dorg.jboss.boot.log.file=C:\Desarrollo\wildfly-10.1.0.CR1\standalone\log\boot.log -Dlogging.configuration=file:C:\Desarrollo\wildfly-10.1.0.CR1\standalone\configuration\logging.properties -Djboss.home.dir=C:\Desarrollo\wildfly-10.1.0.CR1 -Dorg.jboss.logmanager.nocolor=true -Djboss.bind.address.management=localhost -Dfile.encoding=Cp1252 
2019-09-05 09:09:31,414 INFO  [org.jboss.as.server.deployment.scanner] (DeploymentScanner-threads - 1) WFLYDS0004: Found scl.war in deployment directory. To trigger deployment create a file called scl.war.dodeploy
2019-09-05 09:09:31,416 INFO  [org.jboss.as.server.deployment.scanner] (DeploymentScanner-threads - 1) WFLYDS0004: Found bivi.war in deployment directory. To trigger deployment create a file called bivi.war.dodeploy
2019-09-05 09:09:31,533 INFO  [org.jboss.as.server] (Controller Boot Thread) WFLYSRV0039: Creating http management service using socket-binding (management-http)
2019-09-05 09:09:31,599 INFO  [org.xnio] (MSC service thread 1-1) XNIO version 3.4.0.Final
2019-09-05 09:09:31,609 INFO  [org.xnio.nio] (MSC service thread 1-1) XNIO NIO Implementation Version 3.4.0.Final
2019-09-05 09:09:31,642 INFO  [org.jboss.as.clustering.infinispan] (ServerService Thread Pool -- 38) WFLYCLINF0001: Activating Infinispan subsystem.
2019-09-05 09:09:31,679 INFO  [org.jboss.as.security] (ServerService Thread Pool -- 53) WFLYSEC0002: Activating Security Subsystem
2019-09-05 09:09:31,681 WARN  [org.jboss.as.txn] (ServerService Thread Pool -- 54) WFLYTX0013: Node identifier property is set to the default value. Please make sure it is unique.
2019-09-05 09:09:31,682 INFO  [org.jboss.as.naming] (ServerService Thread Pool -- 46) WFLYNAM0001: Activating Naming Subsystem
2019-09-05 09:09:31,688 INFO  [org.jboss.as.webservices] (ServerService Thread Pool -- 56) WFLYWS0002: Activating WebServices Extension
2019-09-05 09:09:31,700 INFO  [org.jboss.as.connector] (MSC service thread 1-3) WFLYJCA0009: Starting JCA Subsystem (WildFly/IronJacamar 1.3.4.Final)
2019-09-05 09:09:31,709 INFO  [org.wildfly.extension.io] (ServerService Thread Pool -- 37) WFLYIO001: Worker 'default' has auto-configured to 8 core threads with 64 task threads based on your 4 available processors
2019-09-05 09:09:31,711 INFO  [org.jboss.as.security] (MSC service thread 1-3) WFLYSEC0001: Current PicketBox version=4.9.6.Final
2019-09-05 09:09:31,713 INFO  [org.jboss.as.jsf] (ServerService Thread Pool -- 44) WFLYJSF0007: Activated the following JSF Implementations: [main]
2019-09-05 09:09:32,072 INFO  [org.wildfly.extension.undertow] (MSC service thread 1-2) WFLYUT0003: Undertow 1.4.0.Final starting
2019-09-05 09:09:32,216 INFO  [org.jboss.as.connector.subsystems.datasources] (ServerService Thread Pool -- 33) WFLYJCA0004: Deploying JDBC-compliant driver class org.h2.Driver (version 1.3)
2019-09-05 09:09:32,223 INFO  [org.jboss.as.connector.deployers.jdbc] (MSC service thread 1-7) WFLYJCA0018: Started Driver service with driver-name = h2
2019-09-05 09:09:32,290 INFO  [org.jboss.as.naming] (MSC service thread 1-3) WFLYNAM0003: Starting Naming Service
2019-09-05 09:09:32,314 INFO  [org.jboss.as.mail.extension] (MSC service thread 1-3) WFLYMAIL0001: Bound mail session [java:jboss/mail/Default]
2019-09-05 09:09:32,512 INFO  [org.jboss.as.connector.subsystems.datasources] (ServerService Thread Pool -- 33) WFLYJCA0005: Deploying non-JDBC-compliant driver class org.postgresql.Driver (version 42.0)
2019-09-05 09:09:32,514 INFO  [org.jboss.as.connector.deployers.jdbc] (MSC service thread 1-7) WFLYJCA0018: Started Driver service with driver-name = postgresql
2019-09-05 09:09:32,586 INFO  [org.jboss.as.ejb3] (MSC service thread 1-3) WFLYEJB0482: Strict pool mdb-strict-max-pool is using a max instance size of 16 (per class), which is derived from the number of CPUs on this host.
2019-09-05 09:09:32,585 INFO  [org.jboss.as.ejb3] (MSC service thread 1-7) WFLYEJB0481: Strict pool slsb-strict-max-pool is using a max instance size of 64 (per class), which is derived from thread worker pool sizing.
2019-09-05 09:09:32,905 INFO  [org.jboss.as.connector.subsystems.datasources] (ServerService Thread Pool -- 33) WFLYJCA0004: Deploying JDBC-compliant driver class com.microsoft.sqlserver.jdbc.SQLServerDriver (version 6.0)
2019-09-05 09:09:32,907 INFO  [org.jboss.as.connector.deployers.jdbc] (MSC service thread 1-7) WFLYJCA0018: Started Driver service with driver-name = sqlserver
2019-09-05 09:09:33,097 INFO  [org.jboss.as.connector.subsystems.datasources] (MSC service thread 1-3) WFLYJCA0098: Bound non-transactional data source: java:jboss/postgresDS
2019-09-05 09:09:33,102 INFO  [org.wildfly.extension.undertow] (ServerService Thread Pool -- 55) WFLYUT0014: Creating file handler for path 'C:\Desarrollo\wildfly-10.1.0.CR1/welcome-content' with options [directory-listing: 'false', follow-symlink: 'false', case-sensitive: 'true', safe-symlink-paths: '[]']
2019-09-05 09:09:33,963 INFO  [org.jboss.remoting] (MSC service thread 1-2) JBoss Remoting version 4.0.21.Final
2019-09-05 09:09:33,999 INFO  [org.wildfly.extension.undertow] (MSC service thread 1-4) WFLYUT0012: Started server default-server.
2019-09-05 09:09:34,059 INFO  [org.wildfly.extension.undertow] (MSC service thread 1-8) WFLYUT0018: Host default-host starting
2019-09-05 09:09:34,200 INFO  [org.wildfly.extension.undertow] (MSC service thread 1-4) WFLYUT0006: Undertow HTTP listener default listening on 0.0.0.0:8180
2019-09-05 09:09:34,208 INFO  [org.jboss.as.connector.subsystems.datasources] (MSC service thread 1-6) WFLYJCA0001: Bound data source [java:jboss/datasources/ExampleDS]
2019-09-05 09:09:35,505 WARN  [org.jboss.as.domain.management.security] (MSC service thread 1-2) WFLYDM0111: Keystore C:\Desarrollo\wildfly-10.1.0.CR1\standalone\configuration\application.keystore not found, it will be auto generated on first use with a self signed certificate for host localhost
2019-09-05 09:09:35,521 INFO  [org.jboss.as.server.deployment.scanner] (MSC service thread 1-1) WFLYDS0013: Started FileSystemDeploymentService for directory C:\Desarrollo\wildfly-10.1.0.CR1\standalone\deployments
2019-09-05 09:09:35,569 INFO  [org.jboss.as.server.deployment] (MSC service thread 1-1) WFLYSRV0027: Starting deployment of "bivi.war" (runtime-name: "bivi.war")
2019-09-05 09:09:35,570 INFO  [org.jboss.as.server.deployment] (MSC service thread 1-6) WFLYSRV0027: Starting deployment of "scl.war" (runtime-name: "scl.war")
2019-09-05 09:09:35,950 INFO  [org.infinispan.factories.GlobalComponentRegistry] (MSC service thread 1-3) ISPN000128: Infinispan version: Infinispan 'Chakra' 8.2.4.Final
2019-09-05 09:09:36,213 INFO  [org.infinispan.configuration.cache.EvictionConfigurationBuilder] (ServerService Thread Pool -- 66) ISPN000152: Passivation configured without an eviction policy being selected. Only manually evicted entities will be passivated.
2019-09-05 09:09:36,214 INFO  [org.infinispan.configuration.cache.EvictionConfigurationBuilder] (ServerService Thread Pool -- 60) ISPN000152: Passivation configured without an eviction policy being selected. Only manually evicted entities will be passivated.
2019-09-05 09:09:36,215 INFO  [org.infinispan.configuration.cache.EvictionConfigurationBuilder] (ServerService Thread Pool -- 60) ISPN000152: Passivation configured without an eviction policy being selected. Only manually evicted entities will be passivated.
2019-09-05 09:09:36,216 INFO  [org.infinispan.configuration.cache.EvictionConfigurationBuilder] (ServerService Thread Pool -- 66) ISPN000152: Passivation configured without an eviction policy being selected. Only manually evicted entities will be passivated.
2019-09-05 09:09:36,219 INFO  [org.infinispan.configuration.cache.EvictionConfigurationBuilder] (ServerService Thread Pool -- 59) ISPN000152: Passivation configured without an eviction policy being selected. Only manually evicted entities will be passivated.
2019-09-05 09:09:36,222 INFO  [org.infinispan.configuration.cache.EvictionConfigurationBuilder] (ServerService Thread Pool -- 59) ISPN000152: Passivation configured without an eviction policy being selected. Only manually evicted entities will be passivated.
2019-09-05 09:09:36,541 INFO  [org.wildfly.extension.undertow] (MSC service thread 1-3) WFLYUT0006: Undertow HTTPS listener https listening on 0.0.0.0:8443
2019-09-05 09:09:44,600 INFO  [org.jboss.ws.common.management] (MSC service thread 1-2) JBWS022052: Starting JBossWS 5.1.5.Final (Apache CXF 3.1.6) 
2019-09-05 09:10:05,130 INFO  [org.jboss.as.jpa] (MSC service thread 1-4) WFLYJPA0002: Read persistence.xml for postgresDS
2019-09-05 09:10:08,529 INFO  [org.jboss.as.jpa] (ServerService Thread Pool -- 65) WFLYJPA0010: Starting Persistence Unit (phase 1 of 2) Service 'bivi.war#postgresDS'
2019-09-05 09:10:08,570 INFO  [org.hibernate.jpa.internal.util.LogHelper] (ServerService Thread Pool -- 65) HHH000204: Processing PersistenceUnitInfo [
	name: postgresDS
	...]
2019-09-05 09:10:08,923 INFO  [org.hibernate.Version] (ServerService Thread Pool -- 65) HHH000412: Hibernate Core {5.0.10.Final}
2019-09-05 09:10:08,924 INFO  [org.hibernate.cfg.Environment] (ServerService Thread Pool -- 65) HHH000206: hibernate.properties not found
2019-09-05 09:10:08,926 INFO  [org.hibernate.cfg.Environment] (ServerService Thread Pool -- 65) HHH000021: Bytecode provider name : javassist
2019-09-05 09:10:09,012 INFO  [org.jboss.as.jpa] (MSC service thread 1-6) WFLYJPA0002: Read persistence.xml for postgresDS
2019-09-05 09:10:09,086 INFO  [org.jboss.weld.deployer] (MSC service thread 1-5) WFLYWELD0003: Processing weld deployment bivi.war
2019-09-05 09:10:09,102 INFO  [org.hibernate.annotations.common.Version] (ServerService Thread Pool -- 65) HCANN000001: Hibernate Commons Annotations {5.0.1.Final}
2019-09-05 09:10:09,593 INFO  [org.jboss.as.jpa] (ServerService Thread Pool -- 69) WFLYJPA0010: Starting Persistence Unit (phase 1 of 2) Service 'scl.war#postgresDS'
2019-09-05 09:10:09,594 INFO  [org.hibernate.jpa.internal.util.LogHelper] (ServerService Thread Pool -- 69) HHH000204: Processing PersistenceUnitInfo [
	name: postgresDS
	...]
2019-09-05 09:10:09,769 INFO  [org.jboss.weld.deployer] (MSC service thread 1-7) WFLYWELD0003: Processing weld deployment scl.war
2019-09-05 09:10:12,061 INFO  [org.hibernate.validator.internal.util.Version] (MSC service thread 1-5) HV000001: Hibernate Validator 5.2.4.Final
2019-09-05 09:10:12,232 INFO  [org.jboss.as.ejb3.deployment] (MSC service thread 1-5) WFLYEJB0473: JNDI bindings for session bean named 'ServicioAdmRolUsuario' in deployment unit 'deployment "bivi.war"' are as follows:

	java:global/bivi/ServicioAdmRolUsuario!com.bivi.servicios.ServicioAdmRolUsuario
	java:app/bivi/ServicioAdmRolUsuario!com.bivi.servicios.ServicioAdmRolUsuario
	java:module/ServicioAdmRolUsuario!com.bivi.servicios.ServicioAdmRolUsuario
	java:global/bivi/ServicioAdmRolUsuario
	java:app/bivi/ServicioAdmRolUsuario
	java:module/ServicioAdmRolUsuario

2019-09-05 09:10:12,232 INFO  [org.jboss.as.ejb3.deployment] (MSC service thread 1-7) WFLYEJB0473: JNDI bindings for session bean named 'ServicioAdmRolUsuario' in deployment unit 'deployment "scl.war"' are as follows:

	java:global/scl/ServicioAdmRolUsuario!com.scl.administracion.servicio.ServicioAdmRolUsuario
	java:app/scl/ServicioAdmRolUsuario!com.scl.administracion.servicio.ServicioAdmRolUsuario
	java:module/ServicioAdmRolUsuario!com.scl.administracion.servicio.ServicioAdmRolUsuario
	java:global/scl/ServicioAdmRolUsuario
	java:app/scl/ServicioAdmRolUsuario
	java:module/ServicioAdmRolUsuario

2019-09-05 09:10:12,234 INFO  [org.jboss.as.ejb3.deployment] (MSC service thread 1-5) WFLYEJB0473: JNDI bindings for session bean named 'ServicioAdmUsuario' in deployment unit 'deployment "bivi.war"' are as follows:

	java:global/bivi/ServicioAdmUsuario!com.bivi.servicios.ServicioAdmUsuario
	java:app/bivi/ServicioAdmUsuario!com.bivi.servicios.ServicioAdmUsuario
	java:module/ServicioAdmUsuario!com.bivi.servicios.ServicioAdmUsuario
	java:global/bivi/ServicioAdmUsuario
	java:app/bivi/ServicioAdmUsuario
	java:module/ServicioAdmUsuario

2019-09-05 09:10:12,234 INFO  [org.jboss.as.ejb3.deployment] (MSC service thread 1-7) WFLYEJB0473: JNDI bindings for session bean named 'ServicioDistribucionCaja' in deployment unit 'deployment "scl.war"' are as follows:

	java:global/scl/ServicioDistribucionCaja!com.scl.cpc.servicio.ServicioDistribucionCaja
	java:app/scl/ServicioDistribucionCaja!com.scl.cpc.servicio.ServicioDistribucionCaja
	java:module/ServicioDistribucionCaja!com.scl.cpc.servicio.ServicioDistribucionCaja
	java:global/scl/ServicioDistribucionCaja
	java:app/scl/ServicioDistribucionCaja
	java:module/ServicioDistribucionCaja

2019-09-05 09:10:12,234 INFO  [org.jboss.as.ejb3.deployment] (MSC service thread 1-5) WFLYEJB0473: JNDI bindings for session bean named 'ServicioUsuarioAgencia' in deployment unit 'deployment "bivi.war"' are as follows:

	java:global/bivi/ServicioUsuarioAgencia!com.bivi.servicios.ServicioUsuarioAgencia
	java:app/bivi/ServicioUsuarioAgencia!com.bivi.servicios.ServicioUsuarioAgencia
	java:module/ServicioUsuarioAgencia!com.bivi.servicios.ServicioUsuarioAgencia
	java:global/bivi/ServicioUsuarioAgencia
	java:app/bivi/ServicioUsuarioAgencia
	java:module/ServicioUsuarioAgencia

2019-09-05 09:10:12,235 INFO  [org.jboss.as.ejb3.deployment] (MSC service thread 1-7) WFLYEJB0473: JNDI bindings for session bean named 'ServicioCircuito' in deployment unit 'deployment "scl.war"' are as follows:

	java:global/scl/ServicioCircuito!com.scl.operacion.servicio.ServicioCircuito
	java:app/scl/ServicioCircuito!com.scl.operacion.servicio.ServicioCircuito
	java:module/ServicioCircuito!com.scl.operacion.servicio.ServicioCircuito
	java:global/scl/ServicioCircuito
	java:app/scl/ServicioCircuito
	java:module/ServicioCircuito

2019-09-05 09:10:12,235 INFO  [org.jboss.as.ejb3.deployment] (MSC service thread 1-5) WFLYEJB0473: JNDI bindings for session bean named 'ServicioUsuarioCiudad' in deployment unit 'deployment "bivi.war"' are as follows:

	java:global/bivi/ServicioUsuarioCiudad!com.bivi.servicios.ServicioUsuarioCiudad
	java:app/bivi/ServicioUsuarioCiudad!com.bivi.servicios.ServicioUsuarioCiudad
	java:module/ServicioUsuarioCiudad!com.bivi.servicios.ServicioUsuarioCiudad
	java:global/bivi/ServicioUsuarioCiudad
	java:app/bivi/ServicioUsuarioCiudad
	java:module/ServicioUsuarioCiudad

2019-09-05 09:10:12,235 INFO  [org.jboss.as.ejb3.deployment] (MSC service thread 1-7) WFLYEJB0473: JNDI bindings for session bean named 'ServicioEquipoMovil' in deployment unit 'deployment "scl.war"' are as follows:

	java:global/scl/ServicioEquipoMovil!com.scl.operacion.servicio.ServicioEquipoMovil
	java:app/scl/ServicioEquipoMovil!com.scl.operacion.servicio.ServicioEquipoMovil
	java:module/ServicioEquipoMovil!com.scl.operacion.servicio.ServicioEquipoMovil
	java:global/scl/ServicioEquipoMovil
	java:app/scl/ServicioEquipoMovil
	java:module/ServicioEquipoMovil

2019-09-05 09:10:12,235 INFO  [org.jboss.as.ejb3.deployment] (MSC service thread 1-5) WFLYEJB0473: JNDI bindings for session bean named 'ServicioAdmPuestos' in deployment unit 'deployment "bivi.war"' are as follows:

	java:global/bivi/ServicioAdmPuestos!com.bivi.servicios.ServicioAdmPuestos
	java:app/bivi/ServicioAdmPuestos!com.bivi.servicios.ServicioAdmPuestos
	java:module/ServicioAdmPuestos!com.bivi.servicios.ServicioAdmPuestos
	java:global/bivi/ServicioAdmPuestos
	java:app/bivi/ServicioAdmPuestos
	java:module/ServicioAdmPuestos

2019-09-05 09:10:12,235 INFO  [org.jboss.as.ejb3.deployment] (MSC service thread 1-7) WFLYEJB0473: JNDI bindings for session bean named 'ServicioAdmUsuario' in deployment unit 'deployment "scl.war"' are as follows:

	java:global/scl/ServicioAdmUsuario!com.scl.administracion.servicio.ServicioAdmUsuario
	java:app/scl/ServicioAdmUsuario!com.scl.administracion.servicio.ServicioAdmUsuario
	java:module/ServicioAdmUsuario!com.scl.administracion.servicio.ServicioAdmUsuario
	java:global/scl/ServicioAdmUsuario
	java:app/scl/ServicioAdmUsuario
	java:module/ServicioAdmUsuario

2019-09-05 09:10:12,235 INFO  [org.jboss.as.ejb3.deployment] (MSC service thread 1-5) WFLYEJB0473: JNDI bindings for session bean named 'ServicioIinicioSesion' in deployment unit 'deployment "bivi.war"' are as follows:

	java:global/bivi/ServicioIinicioSesion!com.bivi.servicios.ServicioIinicioSesion
	java:app/bivi/ServicioIinicioSesion!com.bivi.servicios.ServicioIinicioSesion
	java:module/ServicioIinicioSesion!com.bivi.servicios.ServicioIinicioSesion
	java:global/bivi/ServicioIinicioSesion
	java:app/bivi/ServicioIinicioSesion
	java:module/ServicioIinicioSesion

2019-09-05 09:10:12,235 INFO  [org.jboss.as.ejb3.deployment] (MSC service thread 1-7) WFLYEJB0473: JNDI bindings for session bean named 'ServicioUsuarioAgencia' in deployment unit 'deployment "scl.war"' are as follows:

	java:global/scl/ServicioUsuarioAgencia!com.scl.administracion.servicio.ServicioUsuarioAgencia
	java:app/scl/ServicioUsuarioAgencia!com.scl.administracion.servicio.ServicioUsuarioAgencia
	java:module/ServicioUsuarioAgencia!com.scl.administracion.servicio.ServicioUsuarioAgencia
	java:global/scl/ServicioUsuarioAgencia
	java:app/scl/ServicioUsuarioAgencia
	java:module/ServicioUsuarioAgencia

2019-09-05 09:10:12,236 INFO  [org.jboss.as.ejb3.deployment] (MSC service thread 1-5) WFLYEJB0473: JNDI bindings for session bean named 'ServicioAdmEmpleado' in deployment unit 'deployment "bivi.war"' are as follows:

	java:global/bivi/ServicioAdmEmpleado!com.bivi.servicios.ServicioAdmEmpleado
	java:app/bivi/ServicioAdmEmpleado!com.bivi.servicios.ServicioAdmEmpleado
	java:module/ServicioAdmEmpleado!com.bivi.servicios.ServicioAdmEmpleado
	java:global/bivi/ServicioAdmEmpleado
	java:app/bivi/ServicioAdmEmpleado
	java:module/ServicioAdmEmpleado

2019-09-05 09:10:12,236 INFO  [org.jboss.as.ejb3.deployment] (MSC service thread 1-7) WFLYEJB0473: JNDI bindings for session bean named 'ServicioFrecuenciaVisita' in deployment unit 'deployment "scl.war"' are as follows:

	java:global/scl/ServicioFrecuenciaVisita!com.scl.operacion.servicio.ServicioFrecuenciaVisita
	java:app/scl/ServicioFrecuenciaVisita!com.scl.operacion.servicio.ServicioFrecuenciaVisita
	java:module/ServicioFrecuenciaVisita!com.scl.operacion.servicio.ServicioFrecuenciaVisita
	java:global/scl/ServicioFrecuenciaVisita
	java:app/scl/ServicioFrecuenciaVisita
	java:module/ServicioFrecuenciaVisita

2019-09-05 09:10:12,236 INFO  [org.jboss.as.ejb3.deployment] (MSC service thread 1-5) WFLYEJB0473: JNDI bindings for session bean named 'ServicioFisDetalleBitacora' in deployment unit 'deployment "bivi.war"' are as follows:

	java:global/bivi/ServicioFisDetalleBitacora!com.bivi.servicios.ServicioFisDetalleBitacora
	java:app/bivi/ServicioFisDetalleBitacora!com.bivi.servicios.ServicioFisDetalleBitacora
	java:module/ServicioFisDetalleBitacora!com.bivi.servicios.ServicioFisDetalleBitacora
	java:global/bivi/ServicioFisDetalleBitacora
	java:app/bivi/ServicioFisDetalleBitacora
	java:module/ServicioFisDetalleBitacora

2019-09-05 09:10:12,236 INFO  [org.jboss.as.ejb3.deployment] (MSC service thread 1-7) WFLYEJB0473: JNDI bindings for session bean named 'ServicioPlanificacion' in deployment unit 'deployment "scl.war"' are as follows:

	java:global/scl/ServicioPlanificacion!com.scl.operacion.servicio.ServicioPlanificacion
	java:app/scl/ServicioPlanificacion!com.scl.operacion.servicio.ServicioPlanificacion
	java:module/ServicioPlanificacion!com.scl.operacion.servicio.ServicioPlanificacion
	java:global/scl/ServicioPlanificacion
	java:app/scl/ServicioPlanificacion
	java:module/ServicioPlanificacion

2019-09-05 09:10:12,237 INFO  [org.jboss.as.ejb3.deployment] (MSC service thread 1-5) WFLYEJB0473: JNDI bindings for session bean named 'ServicioFisGuardiaAgencia' in deployment unit 'deployment "bivi.war"' are as follows:

	java:global/bivi/ServicioFisGuardiaAgencia!com.bivi.servicios.ServicioFisGuardiaAgencia
	java:app/bivi/ServicioFisGuardiaAgencia!com.bivi.servicios.ServicioFisGuardiaAgencia
	java:module/ServicioFisGuardiaAgencia!com.bivi.servicios.ServicioFisGuardiaAgencia
	java:global/bivi/ServicioFisGuardiaAgencia
	java:app/bivi/ServicioFisGuardiaAgencia
	java:module/ServicioFisGuardiaAgencia

2019-09-05 09:10:12,237 INFO  [org.jboss.as.ejb3.deployment] (MSC service thread 1-5) WFLYEJB0473: JNDI bindings for session bean named 'ServicioAdmRolMenu' in deployment unit 'deployment "bivi.war"' are as follows:

	java:global/bivi/ServicioAdmRolMenu!com.bivi.servicios.ServicioAdmRolMenu
	java:app/bivi/ServicioAdmRolMenu!com.bivi.servicios.ServicioAdmRolMenu
	java:module/ServicioAdmRolMenu!com.bivi.servicios.ServicioAdmRolMenu
	java:global/bivi/ServicioAdmRolMenu
	java:app/bivi/ServicioAdmRolMenu
	java:module/ServicioAdmRolMenu

2019-09-05 09:10:12,237 INFO  [org.jboss.as.ejb3.deployment] (MSC service thread 1-7) WFLYEJB0473: JNDI bindings for session bean named 'ServicioSolicitud' in deployment unit 'deployment "scl.war"' are as follows:

	java:global/scl/ServicioSolicitud!com.scl.sac.servicio.ServicioSolicitud
	java:app/scl/ServicioSolicitud!com.scl.sac.servicio.ServicioSolicitud
	java:module/ServicioSolicitud!com.scl.sac.servicio.ServicioSolicitud
	java:global/scl/ServicioSolicitud
	java:app/scl/ServicioSolicitud
	java:module/ServicioSolicitud

2019-09-05 09:10:12,237 INFO  [org.jboss.as.ejb3.deployment] (MSC service thread 1-5) WFLYEJB0473: JNDI bindings for session bean named 'ServicioFisConsignasG' in deployment unit 'deployment "bivi.war"' are as follows:

	java:global/bivi/ServicioFisConsignasG!com.bivi.servicios.ServicioFisConsignasG
	java:app/bivi/ServicioFisConsignasG!com.bivi.servicios.ServicioFisConsignasG
	java:module/ServicioFisConsignasG!com.bivi.servicios.ServicioFisConsignasG
	java:global/bivi/ServicioFisConsignasG
	java:app/bivi/ServicioFisConsignasG
	java:module/ServicioFisConsignasG

2019-09-05 09:10:12,237 INFO  [org.jboss.as.ejb3.deployment] (MSC service thread 1-7) WFLYEJB0473: JNDI bindings for session bean named 'ServicioIinicioSesion' in deployment unit 'deployment "scl.war"' are as follows:

	java:global/scl/ServicioIinicioSesion!com.scl.administracion.servicio.ServicioIinicioSesion
	java:app/scl/ServicioIinicioSesion!com.scl.administracion.servicio.ServicioIinicioSesion
	java:module/ServicioIinicioSesion!com.scl.administracion.servicio.ServicioIinicioSesion
	java:global/scl/ServicioIinicioSesion
	java:app/scl/ServicioIinicioSesion
	java:module/ServicioIinicioSesion

2019-09-05 09:10:12,238 INFO  [org.jboss.as.ejb3.deployment] (MSC service thread 1-5) WFLYEJB0473: JNDI bindings for session bean named 'ServicioFisMovil' in deployment unit 'deployment "bivi.war"' are as follows:

	java:global/bivi/ServicioFisMovil!com.bivi.servicios.ServicioFisMovil
	java:app/bivi/ServicioFisMovil!com.bivi.servicios.ServicioFisMovil
	java:module/ServicioFisMovil!com.bivi.servicios.ServicioFisMovil
	java:global/bivi/ServicioFisMovil
	java:app/bivi/ServicioFisMovil
	java:module/ServicioFisMovil

2019-09-05 09:10:12,239 INFO  [org.jboss.as.ejb3.deployment] (MSC service thread 1-5) WFLYEJB0473: JNDI bindings for session bean named 'ServicioAdmCliente' in deployment unit 'deployment "bivi.war"' are as follows:

	java:global/bivi/ServicioAdmCliente!com.bivi.servicios.ServicioAdmCliente
	java:app/bivi/ServicioAdmCliente!com.bivi.servicios.ServicioAdmCliente
	java:module/ServicioAdmCliente!com.bivi.servicios.ServicioAdmCliente
	java:global/bivi/ServicioAdmCliente
	java:app/bivi/ServicioAdmCliente
	java:module/ServicioAdmCliente

2019-09-05 09:10:12,240 INFO  [org.jboss.as.ejb3.deployment] (MSC service thread 1-5) WFLYEJB0473: JNDI bindings for session bean named 'ServicioAdmAgencia' in deployment unit 'deployment "bivi.war"' are as follows:

	java:global/bivi/ServicioAdmAgencia!com.bivi.servicios.ServicioAdmAgencia
	java:app/bivi/ServicioAdmAgencia!com.bivi.servicios.ServicioAdmAgencia
	java:module/ServicioAdmAgencia!com.bivi.servicios.ServicioAdmAgencia
	java:global/bivi/ServicioAdmAgencia
	java:app/bivi/ServicioAdmAgencia
	java:module/ServicioAdmAgencia

2019-09-05 09:10:12,240 INFO  [org.jboss.as.ejb3.deployment] (MSC service thread 1-5) WFLYEJB0473: JNDI bindings for session bean named 'ServicioAdmMenu' in deployment unit 'deployment "bivi.war"' are as follows:

	java:global/bivi/ServicioAdmMenu!com.bivi.servicios.ServicioAdmMenu
	java:app/bivi/ServicioAdmMenu!com.bivi.servicios.ServicioAdmMenu
	java:module/ServicioAdmMenu!com.bivi.servicios.ServicioAdmMenu
	java:global/bivi/ServicioAdmMenu
	java:app/bivi/ServicioAdmMenu
	java:module/ServicioAdmMenu

2019-09-05 09:10:12,240 INFO  [org.jboss.as.ejb3.deployment] (MSC service thread 1-7) WFLYEJB0473: JNDI bindings for session bean named 'ServicioDetalleEspecie' in deployment unit 'deployment "scl.war"' are as follows:

	java:global/scl/ServicioDetalleEspecie!com.scl.cpc.servicio.ServicioDetalleEspecie
	java:app/scl/ServicioDetalleEspecie!com.scl.cpc.servicio.ServicioDetalleEspecie
	java:module/ServicioDetalleEspecie!com.scl.cpc.servicio.ServicioDetalleEspecie
	java:global/scl/ServicioDetalleEspecie
	java:app/scl/ServicioDetalleEspecie
	java:module/ServicioDetalleEspecie

2019-09-05 09:10:12,240 INFO  [org.jboss.as.ejb3.deployment] (MSC service thread 1-5) WFLYEJB0473: JNDI bindings for session bean named 'ServicioFisConsignasE' in deployment unit 'deployment "bivi.war"' are as follows:

	java:global/bivi/ServicioFisConsignasE!com.bivi.servicios.ServicioFisConsignasE
	java:app/bivi/ServicioFisConsignasE!com.bivi.servicios.ServicioFisConsignasE
	java:module/ServicioFisConsignasE!com.bivi.servicios.ServicioFisConsignasE
	java:global/bivi/ServicioFisConsignasE
	java:app/bivi/ServicioFisConsignasE
	java:module/ServicioFisConsignasE

2019-09-05 09:10:12,241 INFO  [org.jboss.as.ejb3.deployment] (MSC service thread 1-7) WFLYEJB0473: JNDI bindings for session bean named 'ServicioHojaAlistamiento' in deployment unit 'deployment "scl.war"' are as follows:

	java:global/scl/ServicioHojaAlistamiento!com.scl.operacion.servicio.ServicioHojaAlistamiento
	java:app/scl/ServicioHojaAlistamiento!com.scl.operacion.servicio.ServicioHojaAlistamiento
	java:module/ServicioHojaAlistamiento!com.scl.operacion.servicio.ServicioHojaAlistamiento
	java:global/scl/ServicioHojaAlistamiento
	java:app/scl/ServicioHojaAlistamiento
	java:module/ServicioHojaAlistamiento

2019-09-05 09:10:12,241 INFO  [org.jboss.as.ejb3.deployment] (MSC service thread 1-5) WFLYEJB0473: JNDI bindings for session bean named 'ServicioAdmRol' in deployment unit 'deployment "bivi.war"' are as follows:

	java:global/bivi/ServicioAdmRol!com.bivi.servicios.ServicioAdmRol
	java:app/bivi/ServicioAdmRol!com.bivi.servicios.ServicioAdmRol
	java:module/ServicioAdmRol!com.bivi.servicios.ServicioAdmRol
	java:global/bivi/ServicioAdmRol
	java:app/bivi/ServicioAdmRol
	java:module/ServicioAdmRol

2019-09-05 09:10:12,241 INFO  [org.jboss.as.ejb3.deployment] (MSC service thread 1-7) WFLYEJB0473: JNDI bindings for session bean named 'ServicioTripulacion' in deployment unit 'deployment "scl.war"' are as follows:

	java:global/scl/ServicioTripulacion!com.scl.operacion.servicio.ServicioTripulacion
	java:app/scl/ServicioTripulacion!com.scl.operacion.servicio.ServicioTripulacion
	java:module/ServicioTripulacion!com.scl.operacion.servicio.ServicioTripulacion
	java:global/scl/ServicioTripulacion
	java:app/scl/ServicioTripulacion
	java:module/ServicioTripulacion

2019-09-05 09:10:12,242 INFO  [org.jboss.as.ejb3.deployment] (MSC service thread 1-7) WFLYEJB0473: JNDI bindings for session bean named 'ServicioAdmCliente' in deployment unit 'deployment "scl.war"' are as follows:

	java:global/scl/ServicioAdmCliente!com.scl.administracion.servicio.ServicioAdmCliente
	java:app/scl/ServicioAdmCliente!com.scl.administracion.servicio.ServicioAdmCliente
	java:module/ServicioAdmCliente!com.scl.administracion.servicio.ServicioAdmCliente
	java:global/scl/ServicioAdmCliente
	java:app/scl/ServicioAdmCliente
	java:module/ServicioAdmCliente

2019-09-05 09:10:12,242 INFO  [org.jboss.as.ejb3.deployment] (MSC service thread 1-7) WFLYEJB0473: JNDI bindings for session bean named 'ServicioAdmMenu' in deployment unit 'deployment "scl.war"' are as follows:

	java:global/scl/ServicioAdmMenu!com.scl.administracion.servicio.ServicioAdmMenu
	java:app/scl/ServicioAdmMenu!com.scl.administracion.servicio.ServicioAdmMenu
	java:module/ServicioAdmMenu!com.scl.administracion.servicio.ServicioAdmMenu
	java:global/scl/ServicioAdmMenu
	java:app/scl/ServicioAdmMenu
	java:module/ServicioAdmMenu

2019-09-05 09:10:12,243 INFO  [org.jboss.as.ejb3.deployment] (MSC service thread 1-7) WFLYEJB0473: JNDI bindings for session bean named 'ServicioDetalleTransaccionTmp' in deployment unit 'deployment "scl.war"' are as follows:

	java:global/scl/ServicioDetalleTransaccionTmp!com.scl.operacion.servicio.ServicioDetalleTransaccionTmp
	java:app/scl/ServicioDetalleTransaccionTmp!com.scl.operacion.servicio.ServicioDetalleTransaccionTmp
	java:module/ServicioDetalleTransaccionTmp!com.scl.operacion.servicio.ServicioDetalleTransaccionTmp
	java:global/scl/ServicioDetalleTransaccionTmp
	java:app/scl/ServicioDetalleTransaccionTmp
	java:module/ServicioDetalleTransaccionTmp

2019-09-05 09:10:12,243 INFO  [org.jboss.as.ejb3.deployment] (MSC service thread 1-7) WFLYEJB0473: JNDI bindings for session bean named 'ServicioDetalleTransaccion' in deployment unit 'deployment "scl.war"' are as follows:

	java:global/scl/ServicioDetalleTransaccion!com.scl.operacion.servicio.ServicioDetalleTransaccion
	java:app/scl/ServicioDetalleTransaccion!com.scl.operacion.servicio.ServicioDetalleTransaccion
	java:module/ServicioDetalleTransaccion!com.scl.operacion.servicio.ServicioDetalleTransaccion
	java:global/scl/ServicioDetalleTransaccion
	java:app/scl/ServicioDetalleTransaccion
	java:module/ServicioDetalleTransaccion

2019-09-05 09:10:12,241 INFO  [org.jboss.as.ejb3.deployment] (MSC service thread 1-5) WFLYEJB0473: JNDI bindings for session bean named 'ServicioAdmDetalleCatalogo' in deployment unit 'deployment "bivi.war"' are as follows:

	java:global/bivi/ServicioAdmDetalleCatalogo!com.bivi.servicios.ServicioAdmDetalleCatalogo
	java:app/bivi/ServicioAdmDetalleCatalogo!com.bivi.servicios.ServicioAdmDetalleCatalogo
	java:module/ServicioAdmDetalleCatalogo!com.bivi.servicios.ServicioAdmDetalleCatalogo
	java:global/bivi/ServicioAdmDetalleCatalogo
	java:app/bivi/ServicioAdmDetalleCatalogo
	java:module/ServicioAdmDetalleCatalogo

2019-09-05 09:10:12,245 INFO  [org.jboss.as.ejb3.deployment] (MSC service thread 1-7) WFLYEJB0473: JNDI bindings for session bean named 'ServicioBanco' in deployment unit 'deployment "scl.war"' are as follows:

	java:global/scl/ServicioBanco!com.scl.cpc.servicio.ServicioBanco
	java:app/scl/ServicioBanco!com.scl.cpc.servicio.ServicioBanco
	java:module/ServicioBanco!com.scl.cpc.servicio.ServicioBanco
	java:global/scl/ServicioBanco
	java:app/scl/ServicioBanco
	java:module/ServicioBanco

2019-09-05 09:10:12,246 INFO  [org.jboss.as.ejb3.deployment] (MSC service thread 1-7) WFLYEJB0473: JNDI bindings for session bean named 'ServicioValidacionDetalle' in deployment unit 'deployment "scl.war"' are as follows:

	java:global/scl/ServicioValidacionDetalle!com.scl.operacion.servicio.ServicioValidacionDetalle
	java:app/scl/ServicioValidacionDetalle!com.scl.operacion.servicio.ServicioValidacionDetalle
	java:module/ServicioValidacionDetalle!com.scl.operacion.servicio.ServicioValidacionDetalle
	java:global/scl/ServicioValidacionDetalle
	java:app/scl/ServicioValidacionDetalle
	java:module/ServicioValidacionDetalle

2019-09-05 09:10:12,246 INFO  [org.jboss.as.ejb3.deployment] (MSC service thread 1-7) WFLYEJB0473: JNDI bindings for session bean named 'ServicioVehiculo' in deployment unit 'deployment "scl.war"' are as follows:

	java:global/scl/ServicioVehiculo!com.scl.operacion.servicio.ServicioVehiculo
	java:app/scl/ServicioVehiculo!com.scl.operacion.servicio.ServicioVehiculo
	java:module/ServicioVehiculo!com.scl.operacion.servicio.ServicioVehiculo
	java:global/scl/ServicioVehiculo
	java:app/scl/ServicioVehiculo
	java:module/ServicioVehiculo

2019-09-05 09:10:12,247 INFO  [org.jboss.as.ejb3.deployment] (MSC service thread 1-7) WFLYEJB0473: JNDI bindings for session bean named 'ServicioTipoTarifa' in deployment unit 'deployment "scl.war"' are as follows:

	java:global/scl/ServicioTipoTarifa!com.scl.operacion.servicio.ServicioTipoTarifa
	java:app/scl/ServicioTipoTarifa!com.scl.operacion.servicio.ServicioTipoTarifa
	java:module/ServicioTipoTarifa!com.scl.operacion.servicio.ServicioTipoTarifa
	java:global/scl/ServicioTipoTarifa
	java:app/scl/ServicioTipoTarifa
	java:module/ServicioTipoTarifa

2019-09-05 09:10:12,247 INFO  [org.jboss.as.ejb3.deployment] (MSC service thread 1-7) WFLYEJB0473: JNDI bindings for session bean named 'ServicioEstadoTransaccion' in deployment unit 'deployment "scl.war"' are as follows:

	java:global/scl/ServicioEstadoTransaccion!com.scl.operacion.servicio.ServicioEstadoTransaccion
	java:app/scl/ServicioEstadoTransaccion!com.scl.operacion.servicio.ServicioEstadoTransaccion
	java:module/ServicioEstadoTransaccion!com.scl.operacion.servicio.ServicioEstadoTransaccion
	java:global/scl/ServicioEstadoTransaccion
	java:app/scl/ServicioEstadoTransaccion
	java:module/ServicioEstadoTransaccion

2019-09-05 09:10:12,248 INFO  [org.jboss.as.ejb3.deployment] (MSC service thread 1-7) WFLYEJB0473: JNDI bindings for session bean named 'ServicioDetalleSolicitud' in deployment unit 'deployment "scl.war"' are as follows:

	java:global/scl/ServicioDetalleSolicitud!com.scl.sac.servicio.ServicioDetalleSolicitud
	java:app/scl/ServicioDetalleSolicitud!com.scl.sac.servicio.ServicioDetalleSolicitud
	java:module/ServicioDetalleSolicitud!com.scl.sac.servicio.ServicioDetalleSolicitud
	java:global/scl/ServicioDetalleSolicitud
	java:app/scl/ServicioDetalleSolicitud
	java:module/ServicioDetalleSolicitud

2019-09-05 09:10:12,248 INFO  [org.jboss.as.ejb3.deployment] (MSC service thread 1-7) WFLYEJB0473: JNDI bindings for session bean named 'ServicioNovedad' in deployment unit 'deployment "scl.war"' are as follows:

	java:global/scl/ServicioNovedad!com.scl.cpc.servicio.ServicioNovedad
	java:app/scl/ServicioNovedad!com.scl.cpc.servicio.ServicioNovedad
	java:module/ServicioNovedad!com.scl.cpc.servicio.ServicioNovedad
	java:global/scl/ServicioNovedad
	java:app/scl/ServicioNovedad
	java:module/ServicioNovedad

2019-09-05 09:10:12,249 INFO  [org.jboss.as.ejb3.deployment] (MSC service thread 1-7) WFLYEJB0473: JNDI bindings for session bean named 'ServicioTipoEspecie' in deployment unit 'deployment "scl.war"' are as follows:

	java:global/scl/ServicioTipoEspecie!com.scl.cpc.servicio.ServicioTipoEspecie
	java:app/scl/ServicioTipoEspecie!com.scl.cpc.servicio.ServicioTipoEspecie
	java:module/ServicioTipoEspecie!com.scl.cpc.servicio.ServicioTipoEspecie
	java:global/scl/ServicioTipoEspecie
	java:app/scl/ServicioTipoEspecie
	java:module/ServicioTipoEspecie

2019-09-05 09:10:12,250 INFO  [org.jboss.as.ejb3.deployment] (MSC service thread 1-7) WFLYEJB0473: JNDI bindings for session bean named 'ServicioEspecie' in deployment unit 'deployment "scl.war"' are as follows:

	java:global/scl/ServicioEspecie!com.scl.cpc.servicio.ServicioEspecie
	java:app/scl/ServicioEspecie!com.scl.cpc.servicio.ServicioEspecie
	java:module/ServicioEspecie!com.scl.cpc.servicio.ServicioEspecie
	java:global/scl/ServicioEspecie
	java:app/scl/ServicioEspecie
	java:module/ServicioEspecie

2019-09-05 09:10:12,250 INFO  [org.jboss.as.ejb3.deployment] (MSC service thread 1-7) WFLYEJB0473: JNDI bindings for session bean named 'ServicioTransaccion' in deployment unit 'deployment "scl.war"' are as follows:

	java:global/scl/ServicioTransaccion!com.scl.operacion.servicio.ServicioTransaccion
	java:app/scl/ServicioTransaccion!com.scl.operacion.servicio.ServicioTransaccion
	java:module/ServicioTransaccion!com.scl.operacion.servicio.ServicioTransaccion
	java:global/scl/ServicioTransaccion
	java:app/scl/ServicioTransaccion
	java:module/ServicioTransaccion

2019-09-05 09:10:12,250 INFO  [org.jboss.as.ejb3.deployment] (MSC service thread 1-7) WFLYEJB0473: JNDI bindings for session bean named 'ServicioDestinoProvisional' in deployment unit 'deployment "scl.war"' are as follows:

	java:global/scl/ServicioDestinoProvisional!com.scl.operacion.servicio.ServicioDestinoProvisional
	java:app/scl/ServicioDestinoProvisional!com.scl.operacion.servicio.ServicioDestinoProvisional
	java:module/ServicioDestinoProvisional!com.scl.operacion.servicio.ServicioDestinoProvisional
	java:global/scl/ServicioDestinoProvisional
	java:app/scl/ServicioDestinoProvisional
	java:module/ServicioDestinoProvisional

2019-09-05 09:10:12,251 INFO  [org.jboss.as.ejb3.deployment] (MSC service thread 1-7) WFLYEJB0473: JNDI bindings for session bean named 'ServicioResponsableAgencia' in deployment unit 'deployment "scl.war"' are as follows:

	java:global/scl/ServicioResponsableAgencia!com.scl.operacion.servicio.ServicioResponsableAgencia
	java:app/scl/ServicioResponsableAgencia!com.scl.operacion.servicio.ServicioResponsableAgencia
	java:module/ServicioResponsableAgencia!com.scl.operacion.servicio.ServicioResponsableAgencia
	java:global/scl/ServicioResponsableAgencia
	java:app/scl/ServicioResponsableAgencia
	java:module/ServicioResponsableAgencia

2019-09-05 09:10:12,251 INFO  [org.jboss.as.ejb3.deployment] (MSC service thread 1-7) WFLYEJB0473: JNDI bindings for session bean named 'ServicioTipoNovedad' in deployment unit 'deployment "scl.war"' are as follows:

	java:global/scl/ServicioTipoNovedad!com.scl.cpc.servicio.ServicioTipoNovedad
	java:app/scl/ServicioTipoNovedad!com.scl.cpc.servicio.ServicioTipoNovedad
	java:module/ServicioTipoNovedad!com.scl.cpc.servicio.ServicioTipoNovedad
	java:global/scl/ServicioTipoNovedad
	java:app/scl/ServicioTipoNovedad
	java:module/ServicioTipoNovedad

2019-09-05 09:10:12,251 INFO  [org.jboss.as.ejb3.deployment] (MSC service thread 1-7) WFLYEJB0473: JNDI bindings for session bean named 'ServicioAdmSucursal' in deployment unit 'deployment "scl.war"' are as follows:

	java:global/scl/ServicioAdmSucursal!com.scl.administracion.servicio.ServicioAdmSucursal
	java:app/scl/ServicioAdmSucursal!com.scl.administracion.servicio.ServicioAdmSucursal
	java:module/ServicioAdmSucursal!com.scl.administracion.servicio.ServicioAdmSucursal
	java:global/scl/ServicioAdmSucursal
	java:app/scl/ServicioAdmSucursal
	java:module/ServicioAdmSucursal

2019-09-05 09:10:12,252 INFO  [org.jboss.as.ejb3.deployment] (MSC service thread 1-7) WFLYEJB0473: JNDI bindings for session bean named 'ServicioUsuarioCiudad' in deployment unit 'deployment "scl.war"' are as follows:

	java:global/scl/ServicioUsuarioCiudad!com.scl.administracion.servicio.ServicioUsuarioCiudad
	java:app/scl/ServicioUsuarioCiudad!com.scl.administracion.servicio.ServicioUsuarioCiudad
	java:module/ServicioUsuarioCiudad!com.scl.administracion.servicio.ServicioUsuarioCiudad
	java:global/scl/ServicioUsuarioCiudad
	java:app/scl/ServicioUsuarioCiudad
	java:module/ServicioUsuarioCiudad

2019-09-05 09:10:12,252 INFO  [org.jboss.as.ejb3.deployment] (MSC service thread 1-7) WFLYEJB0473: JNDI bindings for session bean named 'ServicioMonitoreo' in deployment unit 'deployment "scl.war"' are as follows:

	java:global/scl/ServicioMonitoreo!com.scl.operacion.servicio.ServicioMonitoreo
	java:app/scl/ServicioMonitoreo!com.scl.operacion.servicio.ServicioMonitoreo
	java:module/ServicioMonitoreo!com.scl.operacion.servicio.ServicioMonitoreo
	java:global/scl/ServicioMonitoreo
	java:app/scl/ServicioMonitoreo
	java:module/ServicioMonitoreo

2019-09-05 09:10:12,252 INFO  [org.jboss.as.ejb3.deployment] (MSC service thread 1-7) WFLYEJB0473: JNDI bindings for session bean named 'ServicioAdmCatalogo' in deployment unit 'deployment "scl.war"' are as follows:

	java:global/scl/ServicioAdmCatalogo!com.scl.administracion.servicio.ServicioAdmCatalogo
	java:app/scl/ServicioAdmCatalogo!com.scl.administracion.servicio.ServicioAdmCatalogo
	java:module/ServicioAdmCatalogo!com.scl.administracion.servicio.ServicioAdmCatalogo
	java:global/scl/ServicioAdmCatalogo
	java:app/scl/ServicioAdmCatalogo
	java:module/ServicioAdmCatalogo

2019-09-05 09:10:12,252 INFO  [org.jboss.as.ejb3.deployment] (MSC service thread 1-7) WFLYEJB0473: JNDI bindings for session bean named 'ServicioAdmEmpleado' in deployment unit 'deployment "scl.war"' are as follows:

	java:global/scl/ServicioAdmEmpleado!com.scl.administracion.servicio.ServicioAdmEmpleado
	java:app/scl/ServicioAdmEmpleado!com.scl.administracion.servicio.ServicioAdmEmpleado
	java:module/ServicioAdmEmpleado!com.scl.administracion.servicio.ServicioAdmEmpleado
	java:global/scl/ServicioAdmEmpleado
	java:app/scl/ServicioAdmEmpleado
	java:module/ServicioAdmEmpleado

2019-09-05 09:10:12,253 INFO  [org.jboss.as.ejb3.deployment] (MSC service thread 1-7) WFLYEJB0473: JNDI bindings for session bean named 'ServicioSeguroVehiculo' in deployment unit 'deployment "scl.war"' are as follows:

	java:global/scl/ServicioSeguroVehiculo!com.scl.operacion.servicio.ServicioSeguroVehiculo
	java:app/scl/ServicioSeguroVehiculo!com.scl.operacion.servicio.ServicioSeguroVehiculo
	java:module/ServicioSeguroVehiculo!com.scl.operacion.servicio.ServicioSeguroVehiculo
	java:global/scl/ServicioSeguroVehiculo
	java:app/scl/ServicioSeguroVehiculo
	java:module/ServicioSeguroVehiculo

2019-09-05 09:10:12,253 INFO  [org.jboss.as.ejb3.deployment] (MSC service thread 1-7) WFLYEJB0473: JNDI bindings for session bean named 'ServicioRutero' in deployment unit 'deployment "scl.war"' are as follows:

	java:global/scl/ServicioRutero!com.scl.operacion.servicio.ServicioRutero
	java:app/scl/ServicioRutero!com.scl.operacion.servicio.ServicioRutero
	java:module/ServicioRutero!com.scl.operacion.servicio.ServicioRutero
	java:global/scl/ServicioRutero
	java:app/scl/ServicioRutero
	java:module/ServicioRutero

2019-09-05 09:10:12,254 INFO  [org.jboss.as.ejb3.deployment] (MSC service thread 1-7) WFLYEJB0473: JNDI bindings for session bean named 'ServicioAdmTipoServicio' in deployment unit 'deployment "scl.war"' are as follows:

	java:global/scl/ServicioAdmTipoServicio!com.scl.administracion.servicio.ServicioAdmTipoServicio
	java:app/scl/ServicioAdmTipoServicio!com.scl.administracion.servicio.ServicioAdmTipoServicio
	java:module/ServicioAdmTipoServicio!com.scl.administracion.servicio.ServicioAdmTipoServicio
	java:global/scl/ServicioAdmTipoServicio
	java:app/scl/ServicioAdmTipoServicio
	java:module/ServicioAdmTipoServicio

2019-09-05 09:10:12,254 INFO  [org.jboss.as.ejb3.deployment] (MSC service thread 1-7) WFLYEJB0473: JNDI bindings for session bean named 'ServicioMotivoNoGestion' in deployment unit 'deployment "scl.war"' are as follows:

	java:global/scl/ServicioMotivoNoGestion!com.scl.operacion.servicio.ServicioMotivoNoGestion
	java:app/scl/ServicioMotivoNoGestion!com.scl.operacion.servicio.ServicioMotivoNoGestion
	java:module/ServicioMotivoNoGestion!com.scl.operacion.servicio.ServicioMotivoNoGestion
	java:global/scl/ServicioMotivoNoGestion
	java:app/scl/ServicioMotivoNoGestion
	java:module/ServicioMotivoNoGestion

2019-09-05 09:10:12,255 INFO  [org.jboss.as.ejb3.deployment] (MSC service thread 1-7) WFLYEJB0473: JNDI bindings for session bean named 'ServicioAdmRolMenu' in deployment unit 'deployment "scl.war"' are as follows:

	java:global/scl/ServicioAdmRolMenu!com.scl.administracion.servicio.ServicioAdmRolMenu
	java:app/scl/ServicioAdmRolMenu!com.scl.administracion.servicio.ServicioAdmRolMenu
	java:module/ServicioAdmRolMenu!com.scl.administracion.servicio.ServicioAdmRolMenu
	java:global/scl/ServicioAdmRolMenu
	java:app/scl/ServicioAdmRolMenu
	java:module/ServicioAdmRolMenu

2019-09-05 09:10:12,255 INFO  [org.jboss.as.ejb3.deployment] (MSC service thread 1-7) WFLYEJB0473: JNDI bindings for session bean named 'ServicioCategoriaVehiculo' in deployment unit 'deployment "scl.war"' are as follows:

	java:global/scl/ServicioCategoriaVehiculo!com.scl.operacion.servicio.ServicioCategoriaVehiculo
	java:app/scl/ServicioCategoriaVehiculo!com.scl.operacion.servicio.ServicioCategoriaVehiculo
	java:module/ServicioCategoriaVehiculo!com.scl.operacion.servicio.ServicioCategoriaVehiculo
	java:global/scl/ServicioCategoriaVehiculo
	java:app/scl/ServicioCategoriaVehiculo
	java:module/ServicioCategoriaVehiculo

2019-09-05 09:10:12,257 INFO  [org.jboss.as.ejb3.deployment] (MSC service thread 1-7) WFLYEJB0473: JNDI bindings for session bean named 'ServicioAdmTipoCatalogo' in deployment unit 'deployment "scl.war"' are as follows:

	java:global/scl/ServicioAdmTipoCatalogo!com.scl.administracion.servicio.ServicioAdmTipoCatalogo
	java:app/scl/ServicioAdmTipoCatalogo!com.scl.administracion.servicio.ServicioAdmTipoCatalogo
	java:module/ServicioAdmTipoCatalogo!com.scl.administracion.servicio.ServicioAdmTipoCatalogo
	java:global/scl/ServicioAdmTipoCatalogo
	java:app/scl/ServicioAdmTipoCatalogo
	java:module/ServicioAdmTipoCatalogo

2019-09-05 09:10:12,257 INFO  [org.jboss.as.ejb3.deployment] (MSC service thread 1-7) WFLYEJB0473: JNDI bindings for session bean named 'ServicioDetalleDistribucion' in deployment unit 'deployment "scl.war"' are as follows:

	java:global/scl/ServicioDetalleDistribucion!com.scl.cpc.servicio.ServicioDetalleDistribucion
	java:app/scl/ServicioDetalleDistribucion!com.scl.cpc.servicio.ServicioDetalleDistribucion
	java:module/ServicioDetalleDistribucion!com.scl.cpc.servicio.ServicioDetalleDistribucion
	java:global/scl/ServicioDetalleDistribucion
	java:app/scl/ServicioDetalleDistribucion
	java:module/ServicioDetalleDistribucion

2019-09-05 09:10:12,258 INFO  [org.jboss.as.ejb3.deployment] (MSC service thread 1-7) WFLYEJB0473: JNDI bindings for session bean named 'ServicioAdmAgencia' in deployment unit 'deployment "scl.war"' are as follows:

	java:global/scl/ServicioAdmAgencia!com.scl.administracion.servicio.ServicioAdmAgencia
	java:app/scl/ServicioAdmAgencia!com.scl.administracion.servicio.ServicioAdmAgencia
	java:module/ServicioAdmAgencia!com.scl.administracion.servicio.ServicioAdmAgencia
	java:global/scl/ServicioAdmAgencia
	java:app/scl/ServicioAdmAgencia
	java:module/ServicioAdmAgencia

2019-09-05 09:10:12,258 INFO  [org.jboss.as.ejb3.deployment] (MSC service thread 1-7) WFLYEJB0473: JNDI bindings for session bean named 'ServicioAdmRol' in deployment unit 'deployment "scl.war"' are as follows:

	java:global/scl/ServicioAdmRol!com.scl.administracion.servicio.ServicioAdmRol
	java:app/scl/ServicioAdmRol!com.scl.administracion.servicio.ServicioAdmRol
	java:module/ServicioAdmRol!com.scl.administracion.servicio.ServicioAdmRol
	java:global/scl/ServicioAdmRol
	java:app/scl/ServicioAdmRol
	java:module/ServicioAdmRol

2019-09-05 09:10:12,260 INFO  [org.jboss.as.ejb3.deployment] (MSC service thread 1-7) WFLYEJB0473: JNDI bindings for session bean named 'ServicioAdmServicio' in deployment unit 'deployment "scl.war"' are as follows:

	java:global/scl/ServicioAdmServicio!com.scl.administracion.servicio.ServicioAdmServicio
	java:app/scl/ServicioAdmServicio!com.scl.administracion.servicio.ServicioAdmServicio
	java:module/ServicioAdmServicio!com.scl.administracion.servicio.ServicioAdmServicio
	java:global/scl/ServicioAdmServicio
	java:app/scl/ServicioAdmServicio
	java:module/ServicioAdmServicio

2019-09-05 09:10:12,262 INFO  [org.jboss.as.ejb3.deployment] (MSC service thread 1-7) WFLYEJB0473: JNDI bindings for session bean named 'ServicioReporte' in deployment unit 'deployment "scl.war"' are as follows:

	java:global/scl/ServicioReporte!com.scl.operacion.servicio.ServicioReporte
	java:app/scl/ServicioReporte!com.scl.operacion.servicio.ServicioReporte
	java:module/ServicioReporte!com.scl.operacion.servicio.ServicioReporte
	java:global/scl/ServicioReporte
	java:app/scl/ServicioReporte
	java:module/ServicioReporte

2019-09-05 09:10:12,263 INFO  [org.jboss.as.ejb3.deployment] (MSC service thread 1-7) WFLYEJB0473: JNDI bindings for session bean named 'ServicioDetalleTripulacion' in deployment unit 'deployment "scl.war"' are as follows:

	java:global/scl/ServicioDetalleTripulacion!com.scl.operacion.servicio.ServicioDetalleTripulacion
	java:app/scl/ServicioDetalleTripulacion!com.scl.operacion.servicio.ServicioDetalleTripulacion
	java:module/ServicioDetalleTripulacion!com.scl.operacion.servicio.ServicioDetalleTripulacion
	java:global/scl/ServicioDetalleTripulacion
	java:app/scl/ServicioDetalleTripulacion
	java:module/ServicioDetalleTripulacion

2019-09-05 09:10:12,263 INFO  [org.jboss.as.ejb3.deployment] (MSC service thread 1-7) WFLYEJB0473: JNDI bindings for session bean named 'ServicioAdmDetalleCatalogo' in deployment unit 'deployment "scl.war"' are as follows:

	java:global/scl/ServicioAdmDetalleCatalogo!com.scl.administracion.servicio.ServicioAdmDetalleCatalogo
	java:app/scl/ServicioAdmDetalleCatalogo!com.scl.administracion.servicio.ServicioAdmDetalleCatalogo
	java:module/ServicioAdmDetalleCatalogo!com.scl.administracion.servicio.ServicioAdmDetalleCatalogo
	java:global/scl/ServicioAdmDetalleCatalogo
	java:app/scl/ServicioAdmDetalleCatalogo
	java:module/ServicioAdmDetalleCatalogo

2019-09-05 09:10:12,264 INFO  [org.jboss.as.ejb3.deployment] (MSC service thread 1-7) WFLYEJB0473: JNDI bindings for session bean named 'ServicioCaja' in deployment unit 'deployment "scl.war"' are as follows:

	java:global/scl/ServicioCaja!com.scl.cpc.servicio.ServicioCaja
	java:app/scl/ServicioCaja!com.scl.cpc.servicio.ServicioCaja
	java:module/ServicioCaja!com.scl.cpc.servicio.ServicioCaja
	java:global/scl/ServicioCaja
	java:app/scl/ServicioCaja
	java:module/ServicioCaja

2019-09-05 09:10:12,264 INFO  [org.jboss.as.ejb3.deployment] (MSC service thread 1-7) WFLYEJB0473: JNDI bindings for session bean named 'ServicioPapeleta' in deployment unit 'deployment "scl.war"' are as follows:

	java:global/scl/ServicioPapeleta!com.scl.cpc.servicio.ServicioPapeleta
	java:app/scl/ServicioPapeleta!com.scl.cpc.servicio.ServicioPapeleta
	java:module/ServicioPapeleta!com.scl.cpc.servicio.ServicioPapeleta
	java:global/scl/ServicioPapeleta
	java:app/scl/ServicioPapeleta
	java:module/ServicioPapeleta

2019-09-05 09:10:12,983 INFO  [org.infinispan.configuration.cache.EvictionConfigurationBuilder] (ServerService Thread Pool -- 69) ISPN000152: Passivation configured without an eviction policy being selected. Only manually evicted entities will be passivated.
2019-09-05 09:10:12,984 INFO  [org.infinispan.configuration.cache.EvictionConfigurationBuilder] (ServerService Thread Pool -- 69) ISPN000152: Passivation configured without an eviction policy being selected. Only manually evicted entities will be passivated.
2019-09-05 09:10:13,458 WARN  [org.jboss.as.connector.deployers.jdbc] (MSC service thread 1-7) WFLYJCA0003: Unable to instantiate driver class "org.olap4j.driver.xmla.XmlaOlap4jDriver": java.lang.NoSuchMethodException: org.olap4j.driver.xmla.XmlaOlap4jDriver.<init>()
2019-09-05 09:10:13,509 WARN  [org.jboss.as.connector.deployers.jdbc] (MSC service thread 1-5) WFLYJCA0003: Unable to instantiate driver class "org.olap4j.driver.xmla.XmlaOlap4jDriver": java.lang.NoSuchMethodException: org.olap4j.driver.xmla.XmlaOlap4jDriver.<init>()
2019-09-05 09:10:13,633 INFO  [org.jboss.weld.Version] (MSC service thread 1-5) WELD-000900: 2.3.5 (Final)
2019-09-05 09:10:13,986 INFO  [org.jboss.as.clustering.infinispan] (ServerService Thread Pool -- 69) WFLYCLINF0002: Started client-mappings cache from ejb container
2019-09-05 09:10:14,389 INFO  [org.jboss.as.jpa] (ServerService Thread Pool -- 69) WFLYJPA0010: Starting Persistence Unit (phase 2 of 2) Service 'scl.war#postgresDS'
2019-09-05 09:10:14,729 INFO  [org.jboss.ws.cxf.metadata] (MSC service thread 1-7) JBWS024061: Adding service endpoint metadata: id=com.g4s.curso.db.uno.serviciosweb.Calculadora
 address=http://localhost:8180/bivi/Calculadora
 implementor=com.g4s.curso.db.uno.serviciosweb.Calculadora
 serviceName={http://serviciosweb.uno.db.curso.g4s.com/}CalculadoraService
 portName={http://serviciosweb.uno.db.curso.g4s.com/}CalculadoraPort
 annotationWsdlLocation=null
 wsdlLocationOverride=null
 mtomEnabled=false
2019-09-05 09:10:14,898 INFO  [org.hibernate.dialect.Dialect] (ServerService Thread Pool -- 69) HHH000400: Using dialect: org.hibernate.dialect.PostgreSQLDialect
2019-09-05 09:10:15,723 INFO  [org.hibernate.engine.jdbc.env.internal.LobCreatorBuilderImpl] (ServerService Thread Pool -- 69) HHH000424: Disabling contextual LOB creation as createClob() method threw error : java.lang.reflect.InvocationTargetException
2019-09-05 09:10:15,742 INFO  [org.hibernate.type.BasicTypeRegistry] (ServerService Thread Pool -- 69) HHH000270: Type registration [java.util.UUID] overrides previous : org.hibernate.type.UUIDBinaryType@6031f6d6
2019-09-05 09:10:15,804 INFO  [org.hibernate.envers.boot.internal.EnversServiceImpl] (ServerService Thread Pool -- 69) Envers integration enabled? : true
2019-09-05 09:10:16,621 INFO  [org.apache.cxf.wsdl.service.factory.ReflectionServiceFactoryBean] (MSC service thread 1-7) Creating Service {http://serviciosweb.uno.db.curso.g4s.com/}CalculadoraService from class com.g4s.curso.db.uno.serviciosweb.Calculadora
2019-09-05 09:10:17,661 INFO  [org.apache.cxf.endpoint.ServerImpl] (MSC service thread 1-7) Setting the server's publish address to be http://localhost:8180/bivi/Calculadora
2019-09-05 09:10:17,968 INFO  [org.jboss.ws.cxf.deployment] (MSC service thread 1-7) JBWS024074: WSDL published to: file:/C:/Desarrollo/wildfly-10.1.0.CR1/standalone/data/wsdl/bivi.war/CalculadoraService.wsdl
2019-09-05 09:10:18,054 INFO  [org.jboss.as.webservices] (MSC service thread 1-5) WFLYWS0003: Starting service jboss.ws.endpoint."bivi.war"."com.g4s.curso.db.uno.serviciosweb.Calculadora"
2019-09-05 09:10:18,157 INFO  [org.jboss.as.jpa] (ServerService Thread Pool -- 65) WFLYJPA0010: Starting Persistence Unit (phase 2 of 2) Service 'bivi.war#postgresDS'
2019-09-05 09:10:18,165 INFO  [org.hibernate.dialect.Dialect] (ServerService Thread Pool -- 65) HHH000400: Using dialect: org.hibernate.dialect.PostgreSQLDialect
2019-09-05 09:10:18,194 INFO  [org.hibernate.engine.jdbc.env.internal.LobCreatorBuilderImpl] (ServerService Thread Pool -- 65) HHH000424: Disabling contextual LOB creation as createClob() method threw error : java.lang.reflect.InvocationTargetException
2019-09-05 09:10:18,195 INFO  [org.hibernate.type.BasicTypeRegistry] (ServerService Thread Pool -- 65) HHH000270: Type registration [java.util.UUID] overrides previous : org.hibernate.type.UUIDBinaryType@6031f6d6
2019-09-05 09:10:18,204 INFO  [org.hibernate.envers.boot.internal.EnversServiceImpl] (ServerService Thread Pool -- 65) Envers integration enabled? : true
2019-09-05 09:10:19,001 INFO  [org.hibernate.hql.internal.QueryTranslatorFactoryInitiator] (ServerService Thread Pool -- 65) HHH000397: Using ASTQueryTranslatorFactory
2019-09-05 09:10:19,330 INFO  [org.hibernate.hql.internal.QueryTranslatorFactoryInitiator] (ServerService Thread Pool -- 69) HHH000397: Using ASTQueryTranslatorFactory
2019-09-05 09:10:22,117 INFO  [javax.enterprise.resource.webcontainer.jsf.config] (ServerService Thread Pool -- 106) Inicializando Mojarra 2.2.13.SP1 20160303-1204 para el contexto '/scl'
2019-09-05 09:10:22,120 INFO  [javax.enterprise.resource.webcontainer.jsf.config] (ServerService Thread Pool -- 107) Inicializando Mojarra 2.2.13.SP1 20160303-1204 para el contexto '/bivi'
2019-09-05 09:10:28,525 INFO  [org.primefaces.webapp.PostConstructApplicationEventListener] (ServerService Thread Pool -- 107) Running on PrimeFaces 6.2
2019-09-05 09:10:28,649 INFO  [org.wildfly.extension.undertow] (ServerService Thread Pool -- 107) WFLYUT0021: Registered web context: /bivi
2019-09-05 09:10:40,067 INFO  [org.primefaces.webapp.PostConstructApplicationEventListener] (ServerService Thread Pool -- 106) Running on PrimeFaces 6.1
2019-09-05 09:10:40,068 INFO  [org.primefaces.extensions.application.PostConstructApplicationEventListener] (ServerService Thread Pool -- 106) Running on PrimeFaces Extensions 6.0.0
2019-09-05 09:10:40,069 INFO  [org.wildfly.extension.undertow] (ServerService Thread Pool -- 106) WFLYUT0021: Registered web context: /scl
2019-09-05 09:10:41,097 INFO  [org.jboss.as.server] (ServerService Thread Pool -- 34) WFLYSRV0010: Deployed "scl.war" (runtime-name : "scl.war")
2019-09-05 09:10:41,098 INFO  [org.jboss.as.server] (ServerService Thread Pool -- 34) WFLYSRV0010: Deployed "bivi.war" (runtime-name : "bivi.war")
2019-09-05 09:10:41,435 INFO  [org.jboss.as] (Controller Boot Thread) WFLYSRV0060: Http management interface listening on http://0.0.0.0:9990/management
2019-09-05 09:10:41,436 INFO  [org.jboss.as] (Controller Boot Thread) WFLYSRV0051: Admin console listening on http://0.0.0.0:9990
2019-09-05 09:10:41,437 INFO  [org.jboss.as] (Controller Boot Thread) WFLYSRV0025: WildFly Full 10.1.0.Final (WildFly Core 2.2.0.Final) started in 106239ms - Started 2671 of 2913 services (416 services are lazy, passive or on-demand)
2019-09-05 09:11:57,830 INFO  [org.jboss.as.server] (management-handler-thread - 6) WFLYSRV0236: Suspending server with no timeout.
2019-09-05 09:11:57,845 INFO  [org.jboss.as.server] (Management Triggered Shutdown) WFLYSRV0241: Shutting down in response to management operation 'shutdown'
2019-09-05 09:11:57,931 INFO  [org.wildfly.extension.undertow] (ServerService Thread Pool -- 151) WFLYUT0022: Unregistered web context: /scl
2019-09-05 09:11:57,961 INFO  [org.jboss.as.connector.deployers.jdbc] (MSC service thread 1-3) WFLYJCA0019: Stopped Driver service with driver-name = sqlserver
2019-09-05 09:11:58,031 INFO  [org.wildfly.extension.undertow] (ServerService Thread Pool -- 155) WFLYUT0022: Unregistered web context: /bivi
2019-09-05 09:11:58,497 INFO  [org.jboss.as.webservices] (MSC service thread 1-2) WFLYWS0004: Stopping service jboss.ws.endpoint."bivi.war"."com.g4s.curso.db.uno.serviciosweb.Calculadora"
2019-09-05 09:11:58,508 INFO  [org.wildfly.extension.undertow] (MSC service thread 1-2) WFLYUT0019: Host default-host stopping
2019-09-05 09:11:58,793 INFO  [org.jboss.as.jpa] (ServerService Thread Pool -- 236) WFLYJPA0011: Stopping Persistence Unit (phase 2 of 2) Service 'bivi.war#postgresDS'
2019-09-05 09:11:58,863 INFO  [org.jboss.as.jpa] (ServerService Thread Pool -- 243) WFLYJPA0011: Stopping Persistence Unit (phase 1 of 2) Service 'bivi.war#postgresDS'
2019-09-05 09:11:58,952 INFO  [org.jboss.as.connector.subsystems.datasources] (MSC service thread 1-4) WFLYJCA0010: Unbound data source [java:jboss/datasources/ExampleDS]
2019-09-05 09:11:58,970 INFO  [org.jboss.as.jpa] (ServerService Thread Pool -- 243) WFLYJPA0011: Stopping Persistence Unit (phase 2 of 2) Service 'scl.war#postgresDS'
2019-09-05 09:11:58,990 INFO  [org.jboss.as.jpa] (ServerService Thread Pool -- 243) WFLYJPA0011: Stopping Persistence Unit (phase 1 of 2) Service 'scl.war#postgresDS'
2019-09-05 09:11:58,992 INFO  [org.jboss.as.connector.subsystems.datasources] (MSC service thread 1-5) WFLYJCA0099: Unbound non-transactional data source: java:jboss/postgresDS
2019-09-05 09:11:58,994 INFO  [org.jboss.as.connector.deployers.jdbc] (MSC service thread 1-4) WFLYJCA0019: Stopped Driver service with driver-name = h2
2019-09-05 09:11:59,084 INFO  [org.jboss.as.connector.deployers.jdbc] (MSC service thread 1-2) WFLYJCA0019: Stopped Driver service with driver-name = postgresql
2019-09-05 09:11:59,088 INFO  [org.jboss.as.clustering.infinispan] (ServerService Thread Pool -- 244) WFLYCLINF0003: Stopped client-mappings cache from ejb container
2019-09-05 09:11:59,185 INFO  [org.wildfly.extension.undertow] (MSC service thread 1-6) WFLYUT0008: Undertow HTTPS listener https suspending
2019-09-05 09:11:59,186 INFO  [org.wildfly.extension.undertow] (MSC service thread 1-4) WFLYUT0008: Undertow HTTP listener default suspending
2019-09-05 09:11:59,188 INFO  [org.wildfly.extension.undertow] (MSC service thread 1-4) WFLYUT0007: Undertow HTTP listener default stopped, was bound to 0.0.0.0:8180
2019-09-05 09:11:59,188 INFO  [org.wildfly.extension.undertow] (MSC service thread 1-6) WFLYUT0007: Undertow HTTPS listener https stopped, was bound to 0.0.0.0:8443
2019-09-05 09:11:59,191 INFO  [org.wildfly.extension.undertow] (MSC service thread 1-6) WFLYUT0004: Undertow 1.4.0.Final stopping
2019-09-05 09:11:59,641 INFO  [org.jboss.as.server.deployment] (MSC service thread 1-4) WFLYSRV0028: Stopped deployment scl.war (runtime-name: scl.war) in 1729ms
2019-09-05 09:12:00,145 INFO  [org.jboss.as.server.deployment] (MSC service thread 1-7) WFLYSRV0028: Stopped deployment bivi.war (runtime-name: bivi.war) in 2226ms
2019-09-05 09:12:00,174 INFO  [org.jboss.as] (MSC service thread 1-4) WFLYSRV0050: WildFly Full 10.1.0.Final (WildFly Core 2.2.0.Final) stopped in 2260ms
